2025-09-08 10:04:29 | INFO     | app | setup_logging:100 | ============================================================
2025-09-08 10:04:29 | INFO     | app | setup_logging:101 | Portfolio Analyzer Application Started
2025-09-08 10:04:29 | INFO     | app | setup_logging:102 | Log files: C:\Users\anmel\GithubRepos\Portfolio_Analyzer\app\..\logs
2025-09-08 10:04:29 | INFO     | app | setup_logging:103 | ============================================================
2025-09-08 10:04:33 | INFO     | app | setup_logging:100 | ============================================================
2025-09-08 10:04:33 | INFO     | app | setup_logging:101 | Portfolio Analyzer Application Started
2025-09-08 10:04:33 | INFO     | app | setup_logging:102 | Log files: C:\Users\anmel\GithubRepos\Portfolio_Analyzer\app\..\logs
2025-09-08 10:04:33 | INFO     | app | setup_logging:103 | ============================================================
2025-09-08 10:06:16 | INFO     | app | setup_logging:100 | ============================================================
2025-09-08 10:06:16 | INFO     | app | setup_logging:101 | Portfolio Analyzer Application Started
2025-09-08 10:06:16 | INFO     | app | setup_logging:102 | Log files: C:\Users\anmel\GithubRepos\Portfolio_Analyzer\app\..\logs
2025-09-08 10:06:16 | INFO     | app | setup_logging:103 | ============================================================
2025-09-08 10:06:19 | INFO     | app | setup_logging:100 | ============================================================
2025-09-08 10:06:19 | INFO     | app | setup_logging:101 | Portfolio Analyzer Application Started
2025-09-08 10:06:19 | INFO     | app | setup_logging:102 | Log files: C:\Users\anmel\GithubRepos\Portfolio_Analyzer\app\..\logs
2025-09-08 10:06:19 | INFO     | app | setup_logging:103 | ============================================================
2025-09-08 10:08:45 | INFO     | app | setup_logging:100 | ============================================================
2025-09-08 10:08:45 | INFO     | app | setup_logging:101 | Portfolio Analyzer Application Started
2025-09-08 10:08:45 | INFO     | app | setup_logging:102 | Log files: C:\Users\anmel\GithubRepos\Portfolio_Analyzer\app\..\logs
2025-09-08 10:08:45 | INFO     | app | setup_logging:103 | ============================================================
2025-09-08 10:09:48 | INFO     | app | setup_logging:100 | ============================================================
2025-09-08 10:09:48 | INFO     | app | setup_logging:101 | Portfolio Analyzer Application Started
2025-09-08 10:09:48 | INFO     | app | setup_logging:102 | Log files: C:\Users\anmel\GithubRepos\Portfolio_Analyzer\app\..\logs
2025-09-08 10:09:48 | INFO     | app | setup_logging:103 | ============================================================
2025-09-08 10:09:51 | INFO     | app | setup_logging:100 | ============================================================
2025-09-08 10:09:51 | INFO     | app | setup_logging:101 | Portfolio Analyzer Application Started
2025-09-08 10:09:51 | INFO     | app | setup_logging:102 | Log files: C:\Users\anmel\GithubRepos\Portfolio_Analyzer\app\..\logs
2025-09-08 10:09:51 | INFO     | app | setup_logging:103 | ============================================================
2025-09-08 10:09:58 | INFO     | app | log_user_action:135 | USER_ACTION: USER_LOGIN | User: None | IP: 127.0.0.1 | Details: {'username': 'admin'}
2025-09-08 10:10:06 | INFO     | app | log_user_action:135 | USER_ACTION: ADMIN_VIEWED_LOGS | User: 1 | IP: 127.0.0.1 | Details: {'log_files_count': 3, 'total_size_mb': 0.0}
2025-09-08 10:11:48 | INFO     | app | setup_logging:100 | ============================================================
2025-09-08 10:11:48 | INFO     | app | setup_logging:101 | Portfolio Analyzer Application Started
2025-09-08 10:11:48 | INFO     | app | setup_logging:102 | Log files: C:\Users\anmel\GithubRepos\Portfolio_Analyzer\app\..\logs
2025-09-08 10:11:48 | INFO     | app | setup_logging:103 | ============================================================
2025-09-08 10:11:56 | INFO     | app | setup_logging:100 | ============================================================
2025-09-08 10:11:56 | INFO     | app | setup_logging:101 | Portfolio Analyzer Application Started
2025-09-08 10:11:56 | INFO     | app | setup_logging:102 | Log files: C:\Users\anmel\GithubRepos\Portfolio_Analyzer\app\..\logs
2025-09-08 10:11:56 | INFO     | app | setup_logging:103 | ============================================================
2025-09-08 10:11:59 | INFO     | app | setup_logging:100 | ============================================================
2025-09-08 10:11:59 | INFO     | app | setup_logging:101 | Portfolio Analyzer Application Started
2025-09-08 10:11:59 | INFO     | app | setup_logging:102 | Log files: C:\Users\anmel\GithubRepos\Portfolio_Analyzer\app\..\logs
2025-09-08 10:11:59 | INFO     | app | setup_logging:103 | ============================================================
2025-09-08 10:12:14 | INFO     | app | setup_logging:100 | ============================================================
2025-09-08 10:12:14 | INFO     | app | setup_logging:101 | Portfolio Analyzer Application Started
2025-09-08 10:12:14 | INFO     | app | setup_logging:102 | Log files: C:\Users\anmel\GithubRepos\Portfolio_Analyzer\app\..\logs
2025-09-08 10:12:14 | INFO     | app | setup_logging:103 | ============================================================
2025-09-08 10:12:15 | INFO     | app | setup_logging:100 | ============================================================
2025-09-08 10:12:15 | INFO     | app | setup_logging:101 | Portfolio Analyzer Application Started
2025-09-08 10:12:15 | INFO     | app | setup_logging:102 | Log files: C:\Users\anmel\GithubRepos\Portfolio_Analyzer\app\..\logs
2025-09-08 10:12:15 | INFO     | app | setup_logging:103 | ============================================================
2025-09-08 10:12:52 | INFO     | app | setup_logging:100 | ============================================================
2025-09-08 10:12:52 | INFO     | app | setup_logging:101 | Portfolio Analyzer Application Started
2025-09-08 10:12:52 | INFO     | app | setup_logging:102 | Log files: C:\Users\anmel\GithubRepos\Portfolio_Analyzer\app\..\logs
2025-09-08 10:12:52 | INFO     | app | setup_logging:103 | ============================================================
2025-09-08 10:12:56 | INFO     | app | setup_logging:100 | ============================================================
2025-09-08 10:12:56 | INFO     | app | setup_logging:101 | Portfolio Analyzer Application Started
2025-09-08 10:12:56 | INFO     | app | setup_logging:102 | Log files: C:\Users\anmel\GithubRepos\Portfolio_Analyzer\app\..\logs
2025-09-08 10:12:56 | INFO     | app | setup_logging:103 | ============================================================
2025-09-08 10:13:01 | INFO     | app | log_user_action:135 | USER_ACTION: ADMIN_VIEWED_LOGS | User: 1 | IP: 127.0.0.1 | Details: {'log_files_count': 3, 'total_size_mb': 0.01}
2025-09-08 10:14:12 | INFO     | app | setup_logging:100 | ============================================================
2025-09-08 10:14:12 | INFO     | app | setup_logging:101 | Portfolio Analyzer Application Started
2025-09-08 10:14:12 | INFO     | app | setup_logging:102 | Log files: C:\Users\anmel\GithubRepos\Portfolio_Analyzer\app\..\logs
2025-09-08 10:14:12 | INFO     | app | setup_logging:103 | ============================================================
2025-09-08 10:14:51 | INFO     | app | setup_logging:100 | ============================================================
2025-09-08 10:14:51 | INFO     | app | setup_logging:101 | Portfolio Analyzer Application Started
2025-09-08 10:14:51 | INFO     | app | setup_logging:102 | Log files: C:\Users\anmel\GithubRepos\Portfolio_Analyzer\app\..\logs
2025-09-08 10:14:51 | INFO     | app | setup_logging:103 | ============================================================
2025-09-08 10:14:55 | INFO     | app | setup_logging:100 | ============================================================
2025-09-08 10:14:55 | INFO     | app | setup_logging:101 | Portfolio Analyzer Application Started
2025-09-08 10:14:55 | INFO     | app | setup_logging:102 | Log files: C:\Users\anmel\GithubRepos\Portfolio_Analyzer\app\..\logs
2025-09-08 10:14:55 | INFO     | app | setup_logging:103 | ============================================================
2025-09-08 10:14:58 | INFO     | app | setup_logging:100 | ============================================================
2025-09-08 10:14:58 | INFO     | app | setup_logging:101 | Portfolio Analyzer Application Started
2025-09-08 10:14:58 | INFO     | app | setup_logging:102 | Log files: C:\Users\anmel\GithubRepos\Portfolio_Analyzer\app\..\logs
2025-09-08 10:14:58 | INFO     | app | setup_logging:103 | ============================================================
2025-09-08 10:15:29 | INFO     | app | setup_logging:100 | ============================================================
2025-09-08 10:15:29 | INFO     | app | setup_logging:101 | Portfolio Analyzer Application Started
2025-09-08 10:15:29 | INFO     | app | setup_logging:102 | Log files: C:\Users\anmel\GithubRepos\Portfolio_Analyzer\app\..\logs
2025-09-08 10:15:29 | INFO     | app | setup_logging:103 | ============================================================
2025-09-08 10:15:29 | INFO     | app | setup_logging:100 | ============================================================
2025-09-08 10:15:29 | INFO     | app | setup_logging:101 | Portfolio Analyzer Application Started
2025-09-08 10:15:29 | INFO     | app | setup_logging:102 | Log files: C:\Users\anmel\GithubRepos\Portfolio_Analyzer\app\..\logs
2025-09-08 10:15:29 | INFO     | app | setup_logging:103 | ============================================================
2025-09-08 10:15:57 | INFO     | app | setup_logging:100 | ============================================================
2025-09-08 10:15:57 | INFO     | app | setup_logging:101 | Portfolio Analyzer Application Started
2025-09-08 10:15:57 | INFO     | app | setup_logging:102 | Log files: C:\Users\anmel\GithubRepos\Portfolio_Analyzer\app\..\logs
2025-09-08 10:15:57 | INFO     | app | setup_logging:103 | ============================================================
2025-09-08 10:15:57 | INFO     | app | setup_logging:100 | ============================================================
2025-09-08 10:15:57 | INFO     | app | setup_logging:101 | Portfolio Analyzer Application Started
2025-09-08 10:15:57 | INFO     | app | setup_logging:102 | Log files: C:\Users\anmel\GithubRepos\Portfolio_Analyzer\app\..\logs
2025-09-08 10:15:57 | INFO     | app | setup_logging:103 | ============================================================
2025-09-08 10:16:05 | INFO     | app | log_user_action:135 | USER_ACTION: USER_LOGIN | User: None | IP: 127.0.0.1 | Details: {'username': 'admin'}
2025-09-08 10:16:08 | INFO     | app | log_user_action:135 | USER_ACTION: ADMIN_VIEWED_LOGS | User: 1 | IP: 127.0.0.1 | Details: {'log_files_count': 3, 'total_size_mb': 0.01}
2025-09-08 10:16:28 | INFO     | app | log_user_action:135 | USER_ACTION: ADMIN_VIEWED_LOG_FILE | User: 1 | IP: 127.0.0.1 | Details: {'filename': 'portfolio_analyzer.log', 'lines_requested': 100, 'lines_returned': 93}
2025-09-08 10:16:37 | INFO     | app | log_user_action:135 | USER_ACTION: ADMIN_VIEWED_LOGS | User: 1 | IP: 127.0.0.1 | Details: {'log_files_count': 3, 'total_size_mb': 0.01}
2025-09-08 10:16:40 | INFO     | app | log_user_action:135 | USER_ACTION: ADMIN_VIEWED_LOG_FILE | User: 1 | IP: 127.0.0.1 | Details: {'filename': 'errors.log', 'lines_requested': 100, 'lines_returned': 40}
2025-09-08 10:16:46 | INFO     | app | log_user_action:135 | USER_ACTION: ADMIN_VIEWED_LOGS | User: 1 | IP: 127.0.0.1 | Details: {'log_files_count': 3, 'total_size_mb': 0.01}
2025-09-08 10:17:12 | INFO     | app | log_user_action:135 | USER_ACTION: PORTFOLIO_CREATED | User: 1 | IP: 127.0.0.1 | Details: {'portfolio_name': 'test', 'portfolio_id': None}
2025-09-08 10:17:19 | INFO     | app | log_user_action:135 | USER_ACTION: ADMIN_VIEWED_LOGS | User: 1 | IP: 127.0.0.1 | Details: {'log_files_count': 3, 'total_size_mb': 0.01}
2025-09-08 10:17:28 | INFO     | app | log_user_action:135 | USER_ACTION: ADMIN_VIEWED_LOG_FILE | User: 1 | IP: 127.0.0.1 | Details: {'filename': 'portfolio_analyzer.log', 'lines_requested': 100, 'lines_returned': 99}
